<?xml version="1.0" encoding="UTF-8"?>
<!-- Generated by org.testng.reporters.JUnitReportReporter -->
<testsuite hostname="NAVEENA" failures="0" tests="1" name="practise1.JustStreamsExample" time="13.887" errors="0" timestamp="2021-06-14T09:24:51 IST" skipped="0">
  <testcase classname="practise1.JustStreamsExample" name="test" time="13.887"/>
  <system-out/>
</testsuite> <!-- practise1.JustStreamsExample -->
