<?xml version="1.0" encoding="UTF-8"?>
<!-- Generated by org.testng.reporters.JUnitReportReporter -->
<testsuite hostname="NAVEENA" failures="0" tests="1" name="practise2.AlertsHandle" time="11.339" errors="0" timestamp="2021-06-16T21:15:17 IST" skipped="0">
  <testcase classname="practise2.AlertsHandle" name="test" time="11.339"/>
  <system-out/>
</testsuite> <!-- practise2.AlertsHandle -->
