<?xml version="1.0" encoding="UTF-8"?>
<!-- Generated by org.testng.reporters.JUnitReportReporter -->
<testsuite hostname="NAVEENA" failures="0" tests="1" name="practise4.BaseClassTest" time="11.746" errors="0" timestamp="2021-06-24T18:08:23 IST" skipped="0">
  <testcase classname="practise4.BaseClassTest" name="test" time="11.746"/>
  <system-out/>
</testsuite> <!-- practise4.BaseClassTest -->
