<?xml version="1.0" encoding="UTF-8"?>
<!-- Generated by org.testng.reporters.JUnitReportReporter -->
<testsuite hostname="NAVEENA" failures="0" tests="1" name="practise.Test1" time="10.859" errors="0" timestamp="2021-06-05T19:32:37 IST" skipped="0">
  <testcase classname="practise.Test1" name="test" time="10.859"/>
  <system-out/>
</testsuite> <!-- practise.Test1 -->
