<?xml version="1.0" encoding="UTF-8"?>
<!-- Generated by org.testng.reporters.JUnitReportReporter -->
<testsuite hostname="NAVEENA" failures="0" tests="1" name="practise1.WindowSwitch" time="23.978" errors="0" timestamp="2021-06-11T21:36:17 IST" skipped="0">
  <testcase classname="practise1.WindowSwitch" name="test" time="23.978"/>
  <system-out/>
</testsuite> <!-- practise1.WindowSwitch -->
