<?xml version="1.0" encoding="UTF-8"?>
<!-- Generated by org.testng.reporters.JUnitReportReporter -->
<testsuite hostname="NAVEENA" failures="0" tests="1" name="practise3.GreenKartTest" time="7.915" errors="0" timestamp="2021-06-21T07:14:37 IST" skipped="0">
  <testcase classname="practise3.GreenKartTest" name="test" time="7.915"/>
  <system-out/>
</testsuite> <!-- practise3.GreenKartTest -->
