<?xml version="1.0" encoding="UTF-8"?>
<!-- Generated by org.testng.reporters.JUnitReportReporter -->
<testsuite hostname="NAVEENA" failures="0" tests="1" name="practise.LinkCheck" time="8.364" errors="0" timestamp="2021-06-05T13:28:41 IST" skipped="0">
  <testcase classname="practise.LinkCheck" name="test" time="8.364"/>
  <system-out/>
</testsuite> <!-- practise.LinkCheck -->
