<?xml version="1.0" encoding="UTF-8"?>
<!-- Generated by org.testng.reporters.JUnitReportReporter -->
<testsuite hostname="NAVEENA" failures="0" tests="1" name="practise.Alerts" time="13.734" errors="0" timestamp="2021-06-05T13:20:05 IST" skipped="0">
  <testcase classname="practise.Alerts" name="test" time="13.734"/>
  <system-out/>
</testsuite> <!-- practise.Alerts -->
