<?xml version="1.0" encoding="UTF-8"?>
<!-- Generated by org.testng.reporters.JUnitReportReporter -->
<testsuite hostname="NAVEENA" failures="0" tests="1" name="practise1.SelectExample" time="8.895" errors="0" timestamp="2021-06-11T21:06:44 IST" skipped="0">
  <testcase classname="practise1.SelectExample" name="test" time="8.895"/>
  <system-out/>
</testsuite> <!-- practise1.SelectExample -->
