<?xml version="1.0" encoding="UTF-8"?>
<!-- Generated by org.testng.reporters.JUnitReportReporter -->
<testsuite hostname="NAVEENA" failures="0" tests="1" name="practise1.LinksCheck" time="13.909" errors="0" timestamp="2021-06-12T13:17:21 IST" skipped="0">
  <testcase classname="practise1.LinksCheck" name="test" time="13.909"/>
  <system-out/>
</testsuite> <!-- practise1.LinksCheck -->
