<?xml version="1.0" encoding="UTF-8"?>
<!-- Generated by org.testng.reporters.JUnitReportReporter -->
<testsuite hostname="NAVEENA" failures="0" tests="1" name="practise3.SeleDrop" time="8.487" errors="0" timestamp="2021-06-20T12:23:18 IST" skipped="0">
  <testcase classname="practise3.SeleDrop" name="test" time="8.487"/>
  <system-out/>
</testsuite> <!-- practise3.SeleDrop -->
