<?xml version="1.0" encoding="UTF-8"?>
<!-- Generated by org.testng.reporters.JUnitReportReporter -->
<testsuite hostname="NAVEENA" failures="0" tests="1" name="practise2.Test2" time="27.910" errors="0" timestamp="2021-06-16T15:40:22 IST" skipped="0">
  <testcase classname="practise2.Test2" name="test" time="27.910"/>
  <system-out/>
</testsuite> <!-- practise2.Test2 -->
