<?xml version="1.0" encoding="UTF-8"?>
<!-- Generated by org.testng.reporters.JUnitReportReporter -->
<testsuite hostname="NAVEENA" failures="0" tests="1" name="practise1.AlertsAndOthers" time="6.341" errors="0" timestamp="2021-06-12T08:45:48 IST" skipped="0">
  <testcase classname="practise1.AlertsAndOthers" name="test" time="6.341"/>
  <system-out/>
</testsuite> <!-- practise1.AlertsAndOthers -->
