<?xml version="1.0" encoding="UTF-8"?>
<!-- Generated by org.testng.reporters.JUnitReportReporter -->
<testsuite hostname="NAVEENA" failures="0" tests="1" name="practise1.GreenKart" time="7.802" errors="0" timestamp="2021-06-12T13:03:59 IST" skipped="0">
  <testcase classname="practise1.GreenKart" name="test" time="7.802"/>
  <system-out/>
</testsuite> <!-- practise1.GreenKart -->
