<?xml version="1.0" encoding="UTF-8"?>
<!-- Generated by org.testng.reporters.JUnitReportReporter -->
<testsuite hostname="NAVEENA" failures="0" tests="1" name="practise2.GreenKartExample" time="4.408" errors="0" timestamp="2021-06-20T22:51:00 IST" skipped="0">
  <testcase classname="practise2.GreenKartExample" name="test" time="4.408"/>
  <system-out/>
</testsuite> <!-- practise2.GreenKartExample -->
