<?xml version="1.0" encoding="UTF-8"?>
<!-- Generated by org.testng.reporters.JUnitReportReporter -->
<testsuite hostname="NAVEENA" failures="0" tests="1" name="practise.ActionsExample" time="13.946" errors="0" timestamp="2021-06-05T15:33:27 IST" skipped="0">
  <testcase classname="practise.ActionsExample" name="test" time="13.946"/>
  <system-out/>
</testsuite> <!-- practise.ActionsExample -->
