<?xml version="1.0" encoding="UTF-8"?>
<!-- Generated by org.testng.reporters.JUnitReportReporter -->
<testsuite hostname="NAVEENA" failures="0" tests="1" name="practise3.RadioTest" time="47.279" errors="0" timestamp="2021-06-20T11:24:46 IST" skipped="0">
  <testcase classname="practise3.RadioTest" name="test" time="47.279"/>
  <system-out/>
</testsuite> <!-- practise3.RadioTest -->
