<?xml version="1.0" encoding="UTF-8"?>
<!-- Generated by org.testng.reporters.JUnitReportReporter -->
<testsuite hostname="NAVEENA" failures="0" tests="1" name="practise3.BaseClass" time="12.738" errors="0" timestamp="2021-06-20T07:29:29 IST" skipped="0">
  <testcase classname="practise3.BaseClass" name="test" time="12.738"/>
  <system-out/>
</testsuite> <!-- practise3.BaseClass -->
