<?xml version="1.0" encoding="UTF-8"?>
<!-- Generated by org.testng.reporters.JUnitReportReporter -->
<testsuite hostname="NAVEENA" failures="0" tests="1" name="practise4.RadioTest" time="29.945" errors="0" timestamp="2021-06-24T20:35:31 IST" skipped="0">
  <testcase classname="practise4.RadioTest" name="test" time="29.945"/>
  <system-out/>
</testsuite> <!-- practise4.RadioTest -->
