<?xml version="1.0" encoding="UTF-8"?>
<!-- Generated by org.testng.reporters.JUnitReportReporter -->
<testsuite hostname="NAVEENA" failures="0" tests="1" name="practise.Test2" time="17.674" errors="0" timestamp="2021-06-05T12:50:14 IST" skipped="0">
  <testcase classname="practise.Test2" name="test" time="17.674"/>
  <system-out/>
</testsuite> <!-- practise.Test2 -->
