<?xml version="1.0" encoding="UTF-8"?>
<!-- Generated by org.testng.reporters.JUnitReportReporter -->
<testsuite hostname="NAVEENA" failures="0" tests="1" name="practise2.Test1" time="13.290" errors="0" timestamp="2021-06-16T16:19:42 IST" skipped="0">
  <testcase classname="practise2.Test1" name="test" time="13.290"/>
  <system-out/>
</testsuite> <!-- practise2.Test1 -->
