<?xml version="1.0" encoding="UTF-8"?>
<!-- Generated by org.testng.reporters.JUnitReportReporter -->
<testsuite hostname="NAVEENA" failures="0" tests="1" name="practise.SelectFunction" time="5.817" errors="0" timestamp="2021-06-05T10:55:17 IST" skipped="0">
  <testcase classname="practise.SelectFunction" name="test" time="5.817"/>
  <system-out/>
</testsuite> <!-- practise.SelectFunction -->
