<?xml version="1.0" encoding="UTF-8"?>
<!-- Generated by org.testng.reporters.JUnitReportReporter -->
<testsuite hostname="NAVEENA" failures="0" tests="1" name="practise2.BasicTest" time="9.536" errors="0" timestamp="2021-06-15T21:22:07 IST" skipped="0">
  <testcase classname="practise2.BasicTest" name="test" time="9.536"/>
  <system-out/>
</testsuite> <!-- practise2.BasicTest -->
