<?xml version="1.0" encoding="UTF-8"?>
<!-- Generated by org.testng.reporters.JUnitReportReporter -->
<testsuite hostname="NAVEENA" failures="0" tests="1" name="practise4.GKTest" time="8.299" errors="0" timestamp="2021-06-29T07:49:23 IST" skipped="0">
  <testcase classname="practise4.GKTest" name="test" time="8.299"/>
  <system-out/>
</testsuite> <!-- practise4.GKTest -->
