<?xml version="1.0" encoding="UTF-8"?>
<!-- Generated by org.testng.reporters.JUnitReportReporter -->
<testsuite hostname="NAVEENA" failures="0" tests="1" name="practise3.LinkStream" time="15.073" errors="0" timestamp="2021-06-20T17:54:07 IST" skipped="0">
  <testcase classname="practise3.LinkStream" name="test" time="15.073"/>
  <system-out/>
</testsuite> <!-- practise3.LinkStream -->
