<?xml version="1.0" encoding="UTF-8"?>
<!-- Generated by org.testng.reporters.JUnitReportReporter -->
<testsuite hostname="NAVEENA" failures="0" tests="1" name="practise.BaseTest" time="8.507" errors="0" timestamp="2021-06-05T09:48:05 IST" skipped="0">
  <testcase classname="practise.BaseTest" name="test" time="8.507"/>
  <system-out/>
</testsuite> <!-- practise.BaseTest -->
