<?xml version="1.0" encoding="UTF-8"?>
<!-- Generated by org.testng.reporters.JUnitReportReporter -->
<testsuite hostname="NAVEENA" failures="0" tests="1" name="practise2.SelectTest" time="5.900" errors="0" timestamp="2021-06-16T09:27:34 IST" skipped="0">
  <testcase classname="practise2.SelectTest" name="test" time="5.900"/>
  <system-out/>
</testsuite> <!-- practise2.SelectTest -->
