<?xml version="1.0" encoding="UTF-8"?>
<!-- Generated by org.testng.reporters.JUnitReportReporter -->
<testsuite hostname="NAVEENA" failures="0" tests="1" name="practise1.DataProviderTest" time="0.005" errors="0" timestamp="2021-06-12T11:39:33 IST" skipped="0">
  <testcase classname="practise1.DataProviderTest" name="test" time="0.005"/>
  <system-out/>
</testsuite> <!-- practise1.DataProviderTest -->
