<?xml version="1.0" encoding="UTF-8"?>
<!-- Generated by org.testng.reporters.JUnitReportReporter -->
<testsuite hostname="NAVEENA" failures="0" tests="1" name="practise4.DataPro" time="0.006" errors="0" timestamp="2021-06-24T19:27:39 IST" skipped="0">
  <testcase classname="practise4.DataPro" name="test" time="0.006"/>
  <system-out/>
</testsuite> <!-- practise4.DataPro -->
