<?xml version="1.0" encoding="UTF-8"?>
<!-- Generated by org.testng.reporters.JUnitReportReporter -->
<testsuite hostname="NAVEENA" failures="0" tests="1" name="practise1.ReportsAndBasic" time="5.262" errors="0" timestamp="2021-06-11T19:38:45 IST" skipped="0">
  <testcase classname="practise1.ReportsAndBasic" name="test" time="5.262"/>
  <system-out/>
</testsuite> <!-- practise1.ReportsAndBasic -->
