<?xml version="1.0" encoding="UTF-8"?>
<!-- Generated by org.testng.reporters.JUnitReportReporter -->
<testsuite hostname="NAVEENA" failures="0" tests="1" name="practise3.DataProviderTset" time="0.015" errors="0" timestamp="2021-06-20T12:06:09 IST" skipped="0">
  <testcase classname="practise3.DataProviderTset" name="test" time="0.015"/>
  <system-out/>
</testsuite> <!-- practise3.DataProviderTset -->
