<?xml version="1.0" encoding="UTF-8"?>
<!-- Generated by org.testng.reporters.JUnitReportReporter -->
<testsuite hostname="NAVEENA" failures="0" tests="1" name="practise1.RadioAndSelect" time="13.724" errors="0" timestamp="2021-06-11T20:40:09 IST" skipped="0">
  <testcase classname="practise1.RadioAndSelect" name="test" time="13.724"/>
  <system-out/>
</testsuite> <!-- practise1.RadioAndSelect -->
