<?xml version="1.0" encoding="UTF-8"?>
<!-- Generated by org.testng.reporters.JUnitReportReporter -->
<testsuite hostname="NAVEENA" failures="0" tests="1" name="practise2.DataPro" time="0.005" errors="0" timestamp="2021-06-16T08:47:48 IST" skipped="0">
  <testcase classname="practise2.DataPro" name="test" time="0.005"/>
  <system-out/>
</testsuite> <!-- practise2.DataPro -->
