<?xml version="1.0" encoding="UTF-8"?>
<!-- Generated by org.testng.reporters.JUnitReportReporter -->
<testsuite hostname="NAVEENA" failures="0" tests="1" name="practise3.SummaTest" time="1.170" errors="0" timestamp="2021-06-20T11:44:16 IST" skipped="0">
  <testcase classname="practise3.SummaTest" name="test" time="1.170"/>
  <system-out/>
</testsuite> <!-- practise3.SummaTest -->
